<?xml version="1.0" encoding="UTF-8"?>
<!-- Generated by org.testng.reporters.JUnitXMLReporter -->
<testsuite ignored="0" hostname="Sharvesh-PC" failures="0" tests="14" name="ChromeTest" time="105.623" errors="0" timestamp="31 Aug 2020 04:13:19 GMT">
  <testcase classname="tests.BillingOrderTests" name="RequiredFieldsTest" time="8.327"/>
  <testcase classname="tests.BillingOrderTests" name="SubmitFormWithAllParametersTest" time="3.302"/>
  <testcase classname="tests.BillingOrderTests" name="SubmitFormWithAllParametersTest" time="2.881"/>
  <testcase classname="tests.BillingOrderTests" name="SubmitFormWithAllParametersTest" time="2.943"/>
  <testcase classname="tests.BillingOrderTests" name="SubmitFormWithAllParametersTest" time="3.353"/>
  <testcase classname="tests.BillingOrderTests" name="TotalAmountTest" time="0.373"/>
  <testcase classname="tests.TestBlankFormPageTests" name="CsvExampleTest" time="1.929"/>
  <testcase classname="tests.TestBlankFormPageTests" name="CsvExampleTest" time="1.683"/>
  <testcase classname="tests.TestBlankFormPageTests" name="CsvExampleTest" time="1.774"/>
  <testcase classname="tests.TestBlankFormPageTests" name="CsvExampleTest" time="1.851"/>
  <testcase classname="tests.TestBlankFormPageTests" name="SubmitFormWithAllParametersTest" time="2.847"/>
  <testcase classname="tests.TestBlankFormPageTests" name="SubmitFormWithAllParametersTest" time="2.55"/>
  <testcase classname="tests.TestBlankFormPageTests" name="SubmitFormWithAllParametersTest" time="2.149"/>
  <testcase classname="tests.TestBlankFormPageTests" name="SubmitFormWithAllParametersTest" time="2.046"/>
</testsuite> <!-- ChromeTest -->
