<?xml version="1.0" encoding="UTF-8"?>
<!-- Generated by org.testng.reporters.JUnitXMLReporter -->
<testsuite ignored="0" hostname="Sharvesh-PC" failures="0" tests="14" name="EdgeTest" time="83.406" errors="0" timestamp="31 Aug 2020 03:48:06 GMT">
  <testcase classname="tests.BillingOrderTests" name="RequiredFieldsTest" time="5.11"/>
  <testcase classname="tests.BillingOrderTests" name="SubmitFormWithAllParametersTest" time="3.576"/>
  <testcase classname="tests.BillingOrderTests" name="SubmitFormWithAllParametersTest" time="2.952"/>
  <testcase classname="tests.BillingOrderTests" name="SubmitFormWithAllParametersTest" time="3.082"/>
  <testcase classname="tests.BillingOrderTests" name="SubmitFormWithAllParametersTest" time="3.071"/>
  <testcase classname="tests.BillingOrderTests" name="TotalAmountTest" time="0.396"/>
  <testcase classname="tests.TestBlankFormPageTests" name="CsvExampleTest" time="1.661"/>
  <testcase classname="tests.TestBlankFormPageTests" name="CsvExampleTest" time="1.685"/>
  <testcase classname="tests.TestBlankFormPageTests" name="CsvExampleTest" time="1.744"/>
  <testcase classname="tests.TestBlankFormPageTests" name="CsvExampleTest" time="1.827"/>
  <testcase classname="tests.TestBlankFormPageTests" name="SubmitFormWithAllParametersTest" time="1.636"/>
  <testcase classname="tests.TestBlankFormPageTests" name="SubmitFormWithAllParametersTest" time="2.17"/>
  <testcase classname="tests.TestBlankFormPageTests" name="SubmitFormWithAllParametersTest" time="1.889"/>
  <testcase classname="tests.TestBlankFormPageTests" name="SubmitFormWithAllParametersTest" time="2.718"/>
</testsuite> <!-- EdgeTest -->
